#
# There is insufficient memory for the Java Runtime Environment to continue.
# Native memory allocation (mmap) failed to map 4194304 bytes for G1 virtual space
# Possible reasons:
#   The system is out of physical RAM or swap space
#   The process is running with CompressedOops enabled, and the Java Heap may be blocking the growth of the native heap
# Possible solutions:
#   Reduce memory load on the system
#   Increase physical memory or swap space
#   Check if swap backing store is full
#   Decrease Java heap size (-Xmx/-Xms)
#   Decrease number of Java threads
#   Decrease Java thread stack sizes (-Xss)
#   Set larger code cache with -XX:ReservedCodeCacheSize=
#   JVM is running with Zero Based Compressed Oops mode in which the Java heap is
#     placed in the first 32GB address space. The Java Heap base address is the
#     maximum limit for the native heap growth. Please use -XX:HeapBaseMinAddress
#     to set the Java Heap base and to place the Java Heap above 32GB virtual address.
# This output file may be truncated or incomplete.
#
#  Out of Memory Error (os_windows.cpp:3771), pid=9556, tid=17032
#
# JRE version:  (17.0.7+7) (build )
# Java VM: OpenJDK 64-Bit Server VM (17.0.7+7-b1000.6, mixed mode, sharing, tiered, compressed oops, compressed class ptrs, g1 gc, windows-amd64)
# No core dump will be written. Minidumps are not enabled by default on client versions of Windows
#

---------------  S U M M A R Y ------------

Command Line: git4idea.http.GitAskPassApp Username for 'https://github.com': 

Host: Intel(R) Core(TM) i5-3330 CPU @ 3.00GHz, 4 cores, 15G,  Windows 10 , 64 bit Build 19041 (10.0.19041.3636)
Time: Fri Dec 15 07:36:04 2023 Hora oficial do Brasil elapsed time: 0.014380 seconds (0d 0h 0m 0s)

---------------  T H R E A D  ---------------

Current thread (0x0000019bd078bbf0):  JavaThread "Unknown thread" [_thread_in_vm, id=17032, stack(0x0000007124b00000,0x0000007124c00000)]

Stack: [0x0000007124b00000,0x0000007124c00000]
Native frames: (J=compiled Java code, j=interpreted, Vv=VM code, C=native code)
V  [jvm.dll+0x683bfa]
V  [jvm.dll+0x8430a4]
V  [jvm.dll+0x8449be]
V  [jvm.dll+0x845023]
V  [jvm.dll+0x24ad2f]
V  [jvm.dll+0x680ac9]
V  [jvm.dll+0x67519a]
V  [jvm.dll+0x30b3cb]
V  [jvm.dll+0x312876]
V  [jvm.dll+0x362248]
V  [jvm.dll+0x36244f]
V  [jvm.dll+0x2e14a8]
V  [jvm.dll+0x2e2414]
V  [jvm.dll+0x814391]
V  [jvm.dll+0x36ffe1]
V  [jvm.dll+0x7f396c]
V  [jvm.dll+0x3f305f]
V  [jvm.dll+0x3f4b91]
C  [jli.dll+0x528f]
C  [ucrtbase.dll+0x21bb2]
C  [KERNEL32.DLL+0x17344]
C  [ntdll.dll+0x526b1]


---------------  P R O C E S S  ---------------

Threads class SMR info:
_java_thread_list=0x00007ff9fcd2d098, length=0, elements={
}

Java Threads: ( => current thread )

Other Threads:
  0x0000019bd07f61a0 GCTaskThread "GC Thread#0" [stack: 0x0000007124c00000,0x0000007124d00000] [id=15460]
  0x0000019bd0806fa0 ConcurrentGCThread "G1 Main Marker" [stack: 0x0000007124d00000,0x0000007124e00000] [id=5176]
  0x0000019bd08079b0 ConcurrentGCThread "G1 Conc#0" [stack: 0x0000007124e00000,0x0000007124f00000] [id=19196]

[error occurred during error reporting (printing all threads), id 0xc0000005, EXCEPTION_ACCESS_VIOLATION (0xc0000005) at pc=0x00007ff9fc4e2087]

VM state: not at safepoint (not fully initialized)

VM Mutex/Monitor currently owned by a thread:  ([mutex/lock_event])
[0x0000019bd0785420] Heap_lock - owner thread: 0x0000019bd078bbf0

Heap address: 0x0000000701400000, size: 4076 MB, Compressed Oops mode: Zero based, Oop shift amount: 3

CDS archive(s) mapped at: [0x0000000000000000-0x0000000000000000-0x0000000000000000), size 0, SharedBaseAddress: 0x0000000800000000, ArchiveRelocationMode: 0.
Narrow klass base: 0x0000000000000000, Narrow klass shift: 0, Narrow klass range: 0x0

GC Precious Log:
<Empty>

Heap:
 garbage-first heap   total 0K, used 0K [0x0000000701400000, 0x0000000800000000)
  region size 2048K, 0 young (0K), 0 survivors (0K)
 Metaspace       used 0K, committed 0K, reserved 0K
  class space    used 0K, committed 0K, reserved 0K

Heap Regions: E=young(eden), S=young(survivor), O=old, HS=humongous(starts), HC=humongous(continues), CS=collection set, F=free, OA=open archive, CA=closed archive, TAMS=top-at-mark-start (previous, next)

Card table byte_map: [0x0000019be3710000,0x0000019be3f10000] _byte_map_base: 0x0000019bdff06000

Marking Bits (Prev, Next): (CMBitMap*) 0x0000019bd07f67b0, (CMBitMap*) 0x0000019bd07f67f0
 Prev Bits: [0x0000019be4710000, 0x0000019be86c0000)
 Next Bits: [0x0000019be86c0000, 0x0000019bec670000)

GC Heap History (0 events):
No events

Dll operation events (1 events):
Event: 0.008 Loaded shared library C:\Program Files\JetBrains\IntelliJ IDEA Community Edition 2023.2\jbr\bin\java.dll

Deoptimization events (0 events):
No events

Classes unloaded (0 events):
No events

Classes redefined (0 events):
No events

Internal exceptions (0 events):
No events

VM Operations (0 events):
No events

Events (0 events):
No events


Dynamic libraries:
0x00007ff609270000 - 0x00007ff60927a000 	C:\Program Files\JetBrains\IntelliJ IDEA Community Edition 2023.2\jbr\bin\java.exe
0x00007ffa5c750000 - 0x00007ffa5c948000 	C:\WINDOWS\SYSTEM32\ntdll.dll
0x00007ffa5ae00000 - 0x00007ffa5aebd000 	C:\WINDOWS\System32\KERNEL32.DLL
0x00007ffa5a280000 - 0x00007ffa5a576000 	C:\WINDOWS\System32\KERNELBASE.dll
0x00007ffa59ed0000 - 0x00007ffa59fd0000 	C:\WINDOWS\System32\ucrtbase.dll
0x00007ffa46400000 - 0x00007ffa4641b000 	C:\Program Files\JetBrains\IntelliJ IDEA Community Edition 2023.2\jbr\bin\VCRUNTIME140.dll
0x00007ffa47700000 - 0x00007ffa47717000 	C:\Program Files\JetBrains\IntelliJ IDEA Community Edition 2023.2\jbr\bin\jli.dll
0x00007ffa5c540000 - 0x00007ffa5c6de000 	C:\WINDOWS\System32\USER32.dll
0x00007ffa5a750000 - 0x00007ffa5a772000 	C:\WINDOWS\System32\win32u.dll
0x00007ffa43a70000 - 0x00007ffa43d0a000 	C:\WINDOWS\WinSxS\amd64_microsoft.windows.common-controls_6595b64144ccf1df_6.0.19041.3636_none_60b6a03d71f818d5\COMCTL32.dll
0x00007ffa5c6e0000 - 0x00007ffa5c70c000 	C:\WINDOWS\System32\GDI32.dll
0x00007ffa5b020000 - 0x00007ffa5b0be000 	C:\WINDOWS\System32\msvcrt.dll
0x00007ffa5a580000 - 0x00007ffa5a69a000 	C:\WINDOWS\System32\gdi32full.dll
0x00007ffa59e30000 - 0x00007ffa59ecd000 	C:\WINDOWS\System32\msvcp_win.dll
0x00007ffa5aec0000 - 0x00007ffa5aef0000 	C:\WINDOWS\System32\IMM32.DLL
0x00007ffa47100000 - 0x00007ffa4710c000 	C:\Program Files\JetBrains\IntelliJ IDEA Community Edition 2023.2\jbr\bin\vcruntime140_1.dll
0x00007ffa1b400000 - 0x00007ffa1b48d000 	C:\Program Files\JetBrains\IntelliJ IDEA Community Edition 2023.2\jbr\bin\msvcp140.dll
0x00007ff9fc1f0000 - 0x00007ff9fce70000 	C:\Program Files\JetBrains\IntelliJ IDEA Community Edition 2023.2\jbr\bin\server\jvm.dll
0x00007ffa5b2d0000 - 0x00007ffa5b37f000 	C:\WINDOWS\System32\ADVAPI32.dll
0x00007ffa5c3a0000 - 0x00007ffa5c43c000 	C:\WINDOWS\System32\sechost.dll
0x00007ffa5b8f0000 - 0x00007ffa5ba16000 	C:\WINDOWS\System32\RPCRT4.dll
0x00007ffa4dc50000 - 0x00007ffa4dc77000 	C:\WINDOWS\SYSTEM32\WINMM.dll
0x00007ffa56e50000 - 0x00007ffa56e59000 	C:\WINDOWS\SYSTEM32\WSOCK32.dll
0x00007ffa54b70000 - 0x00007ffa54b7a000 	C:\WINDOWS\SYSTEM32\VERSION.dll
0x00007ffa5b1d0000 - 0x00007ffa5b23b000 	C:\WINDOWS\System32\WS2_32.dll
0x00007ffa57d10000 - 0x00007ffa57d22000 	C:\WINDOWS\SYSTEM32\kernel.appcore.dll
0x00007ffa55930000 - 0x00007ffa5593a000 	C:\Program Files\JetBrains\IntelliJ IDEA Community Edition 2023.2\jbr\bin\jimage.dll
0x00007ffa47210000 - 0x00007ffa473f4000 	C:\WINDOWS\SYSTEM32\DBGHELP.DLL
0x00007ffa3bb90000 - 0x00007ffa3bbc4000 	C:\WINDOWS\SYSTEM32\dbgcore.DLL
0x00007ffa5a1a0000 - 0x00007ffa5a222000 	C:\WINDOWS\System32\bcryptPrimitives.dll
0x00007ffa4e290000 - 0x00007ffa4e2b5000 	C:\Program Files\JetBrains\IntelliJ IDEA Community Edition 2023.2\jbr\bin\java.dll

dbghelp: loaded successfully - version: 4.0.5 - missing functions: none
symbol engine: initialized successfully - sym options: 0x614 - pdb path: .;C:\Program Files\JetBrains\IntelliJ IDEA Community Edition 2023.2\jbr\bin;C:\WINDOWS\SYSTEM32;C:\WINDOWS\WinSxS\amd64_microsoft.windows.common-controls_6595b64144ccf1df_6.0.19041.3636_none_60b6a03d71f818d5;C:\Program Files\JetBrains\IntelliJ IDEA Community Edition 2023.2\jbr\bin\server

VM Arguments:
java_command: git4idea.http.GitAskPassApp Username for 'https://github.com': 
java_class_path (initial): C:/Program Files/JetBrains/IntelliJ IDEA Community Edition 2023.2/plugins/vcs-git/lib/git4idea-rt.jar;C:/Program Files/JetBrains/IntelliJ IDEA Community Edition 2023.2/lib/externalProcess-rt.jar
Launcher Type: SUN_STANDARD

[Global flags]
     intx CICompilerCount                          = 3                                         {product} {ergonomic}
     uint ConcGCThreads                            = 1                                         {product} {ergonomic}
     uint G1ConcRefinementThreads                  = 4                                         {product} {ergonomic}
   size_t G1HeapRegionSize                         = 2097152                                   {product} {ergonomic}
    uintx GCDrainStackTargetSize                   = 64                                        {product} {ergonomic}
   size_t InitialHeapSize                          = 268435456                                 {product} {ergonomic}
   size_t MarkStackSize                            = 4194304                                   {product} {ergonomic}
   size_t MaxHeapSize                              = 4273995776                                {product} {ergonomic}
   size_t MinHeapDeltaBytes                        = 2097152                                   {product} {ergonomic}
   size_t MinHeapSize                              = 8388608                                   {product} {ergonomic}
    uintx NonNMethodCodeHeapSize                   = 5832780                                {pd product} {ergonomic}
    uintx NonProfiledCodeHeapSize                  = 122912730                              {pd product} {ergonomic}
    uintx ProfiledCodeHeapSize                     = 122912730                              {pd product} {ergonomic}
    uintx ReservedCodeCacheSize                    = 251658240                              {pd product} {ergonomic}
     bool SegmentedCodeCache                       = true                                      {product} {ergonomic}
   size_t SoftMaxHeapSize                          = 4273995776                             {manageable} {ergonomic}
     bool UseCompressedClassPointers               = true                           {product lp64_product} {ergonomic}
     bool UseCompressedOops                        = true                           {product lp64_product} {ergonomic}
     bool UseG1GC                                  = true                                      {product} {ergonomic}
     bool UseLargePagesIndividualAllocation        = false                                  {pd product} {ergonomic}

Logging:
Log output configuration:
 #0: stdout all=warning uptime,level,tags
 #1: stderr all=off uptime,level,tags

Environment Variables:
JAVA_HOME=D:\dependenciaJava\jdk-11.0.20
PATH=C:\Program Files\Git\mingw64\libexec\git-core;C:\Program Files\Git\mingw64\libexec\git-core;C:\Program Files\Git\mingw64\bin;C:\Program Files\Git\usr\bin;C:\Users\diven\bin;C:\WINDOWS\system32;C:\WINDOWS;C:\WINDOWS\System32\Wbem;C:\WINDOWS\System32\WindowsPowerShell\v1.0;C:\WINDOWS\System32\OpenSSH;C:\Program Files\NVIDIA Corporation\NVIDIA NvDLISR;C:\Program Files\dotnet;D:\dependenciaJava\jdk-11.0.20\bin;C:\Program Files\Git\cmd;C:\Users\diven\AppData\Local\Microsoft\WindowsApps;C:\Users\diven\.dotnet\tools;C:\Users\diven\AppData\Local\Programs\Microsoft VS Code\bin
USERNAME=diven
DISPLAY=:0.0
LC_ALL=en_US.UTF-8
TERM=xterm-256color
TMPDIR=C:\Users\diven\AppData\Local\Temp
OS=Windows_NT
PROCESSOR_IDENTIFIER=Intel64 Family 6 Model 58 Stepping 9, GenuineIntel
TMP=C:\Users\diven\AppData\Local\Temp
TEMP=C:\Users\diven\AppData\Local\Temp


JNI global refs:
JNI global refs: 0, weak refs: 0

JNI global refs memory usage: 0, weak refs: 0

OOME stack traces (most recent first):
Classloader memory used:


---------------  S Y S T E M  ---------------

OS:
 Windows 10 , 64 bit Build 19041 (10.0.19041.3636)
OS uptime: 13 days 9:07 hours

CPU: total 4 (initial active 4) (4 cores per cpu, 1 threads per core) family 6 model 58 stepping 9 microcode 0x21, cx8, cmov, fxsr, mmx, sse, sse2, sse3, ssse3, sse4.1, sse4.2, popcnt, tsc, tscinvbit, avx, aes, erms, clmul, vzeroupper, clflush

Memory: 4k page, system-wide physical 16296M (3688M free)
TotalPageFile size 44766M (AvailPageFile size 5M)
current process WorkingSet (physical memory assigned to process): 10M, peak: 10M
current process commit charge ("private bytes"): 312M, peak: 316M

vm_info: OpenJDK 64-Bit Server VM (17.0.7+7-b1000.6) for windows-amd64 JRE (17.0.7+7-b1000.6), built on 2023-07-07 by "builduser" with MS VC++ 16.10 / 16.11 (VS2019)

END.
